Flow report for deca_graphics
Sat Dec 12 22:00:20 2015
Quartus II 64-Bit Version 15.0.0 Build 145 04/22/2015 Patches 0.01we SJ Web Edition


---------------------
; Table of Contents ;
---------------------
  1. Legal Notice
  2. Flow Summary
  3. Flow Settings
  4. Flow Non-Default Global Settings
  5. Flow Elapsed Time
  6. Flow OS Summary
  7. Flow Log
  8. Flow Messages
  9. Flow Suppressed Messages



----------------
; Legal Notice ;
----------------
Copyright (C) 1991-2015 Altera Corporation. All rights reserved.
Your use of Altera Corporation's design tools, logic functions 
and other software and tools, and its AMPP partner logic 
functions, and any output files from any of the foregoing 
(including device programming or simulation files), and any 
associated documentation or information are expressly subject 
to the terms and conditions of the Altera Program License 
Subscription Agreement, the Altera Quartus II License Agreement,
the Altera MegaCore Function License Agreement, or other 
applicable license agreement, including, without limitation, 
that your use is for the sole purpose of programming logic 
devices manufactured by Altera and sold by Altera or its 
authorized distributors.  Please refer to the applicable 
agreement for further details.



+------------------------------------------------------------------------------------------------+
; Flow Summary                                                                                   ;
+------------------------------------+-----------------------------------------------------------+
; Flow Status                        ; Successful - Sat Dec 12 22:00:20 2015                     ;
; Quartus II 64-Bit Version          ; 15.0.0 Build 145 04/22/2015 Patches 0.01we SJ Web Edition ;
; Revision Name                      ; deca_graphics                                             ;
; Top-level Entity Name              ; deca_graphics                                             ;
; Family                             ; MAX 10                                                    ;
; Device                             ; 10M50DAF484C6GES                                          ;
; Timing Models                      ; Preliminary                                               ;
; Total logic elements               ; 16,338 / 49,760 ( 33 % )                                  ;
;     Total combinational functions  ; 13,484 / 49,760 ( 27 % )                                  ;
;     Dedicated logic registers      ; 11,256 / 49,760 ( 23 % )                                  ;
; Total registers                    ; 11414                                                     ;
; Total pins                         ; 152 / 360 ( 42 % )                                        ;
; Total virtual pins                 ; 0                                                         ;
; Total memory bits                  ; 969,652 / 1,677,312 ( 58 % )                              ;
; Embedded Multiplier 9-bit elements ; 6 / 288 ( 2 % )                                           ;
; Total PLLs                         ; 3 / 4 ( 75 % )                                            ;
; UFM blocks                         ; 0 / 1 ( 0 % )                                             ;
; ADC blocks                         ; 0 / 2 ( 0 % )                                             ;
+------------------------------------+-----------------------------------------------------------+


+-----------------------------------------+
; Flow Settings                           ;
+-------------------+---------------------+
; Option            ; Setting             ;
+-------------------+---------------------+
; Start date & time ; 12/12/2015 21:40:05 ;
; Main task         ; Compilation         ;
; Revision Name     ; deca_graphics       ;
+-------------------+---------------------+


+---------------------------------------------------------------------------------------------------------------------------------------------+
; Flow Non-Default Global Settings                                                                                                            ;
+-------------------------------------+------------------------------------------------------------+---------------+-------------+------------+
; Assignment Name                     ; Value                                                      ; Default Value ; Entity Name ; Section Id ;
+-------------------------------------+------------------------------------------------------------+---------------+-------------+------------+
; COMPILER_SIGNATURE_ID               ; 706355235.144998520501852                                  ; --            ; --          ; --         ;
; ECO_REGENERATE_REPORT               ; On                                                         ; Off           ; --          ; --         ;
; FITTER_EFFORT                       ; Standard Fit                                               ; Auto Fit      ; --          ; --         ;
; MAX_CORE_JUNCTION_TEMP              ; 85                                                         ; --            ; --          ; --         ;
; MIN_CORE_JUNCTION_TEMP              ; 0                                                          ; --            ; --          ; --         ;
; MISC_FILE                           ; deca_vip/synthesis/../deca_vip.cmp                         ; --            ; --          ; --         ;
; MISC_FILE                           ; deca_vip/synthesis/../../deca_vip.qsys                     ; --            ; --          ; --         ;
; MISC_FILE                           ; deca_vip/synthesis/submodules/alt_mem_ddrx_define.iv       ; --            ; --          ; --         ;
; PARTITION_COLOR                     ; 16764057                                                   ; --            ; --          ; Top        ;
; PARTITION_FITTER_PRESERVATION_LEVEL ; PLACEMENT_AND_ROUTING                                      ; --            ; --          ; Top        ;
; PARTITION_NETLIST_TYPE              ; SOURCE                                                     ; --            ; --          ; Top        ;
; POWER_BOARD_THERMAL_MODEL           ; None (CONSERVATIVE)                                        ; --            ; --          ; --         ;
; POWER_PRESET_COOLING_SOLUTION       ; 23 MM HEAT SINK WITH 200 LFPM AIRFLOW                      ; --            ; --          ; --         ;
; SLD_FILE                            ; deca_vip/synthesis/deca_vip.regmap                         ; --            ; --          ; --         ;
; SLD_FILE                            ; deca_vip/synthesis/deca_vip.debuginfo                      ; --            ; --          ; --         ;
; SLD_INFO                            ; QSYS_NAME deca_vip HAS_SOPCINFO 1 GENERATION_ID 1449984792 ; --            ; deca_vip    ; --         ;
; SOPCINFO_FILE                       ; deca_vip/synthesis/../../deca_vip.sopcinfo                 ; --            ; --          ; --         ;
; SYNTHESIS_ONLY_QIP                  ; On                                                         ; --            ; --          ; --         ;
+-------------------------------------+------------------------------------------------------------+---------------+-------------+------------+


+--------------------------------------------------------------------------------------------------------------------------+
; Flow Elapsed Time                                                                                                        ;
+----------------------+--------------+-------------------------+---------------------+------------------------------------+
; Module Name          ; Elapsed Time ; Average Processors Used ; Peak Virtual Memory ; Total CPU Time (on all processors) ;
+----------------------+--------------+-------------------------+---------------------+------------------------------------+
; Analysis & Synthesis ; 00:05:56     ; 1.0                     ; 1204 MB             ; 00:07:16                           ;
; Fitter               ; 00:13:10     ; 1.4                     ; 1652 MB             ; 00:17:16                           ;
; Assembler            ; 00:00:26     ; 1.0                     ; 697 MB              ; 00:00:25                           ;
; Total                ; 00:19:32     ; --                      ; --                  ; 00:24:57                           ;
+----------------------+--------------+-------------------------+---------------------+------------------------------------+


+-----------------------------------------------------------------------------------+
; Flow OS Summary                                                                   ;
+----------------------+------------------+-----------+------------+----------------+
; Module Name          ; Machine Hostname ; OS Name   ; OS Version ; Processor type ;
+----------------------+------------------+-----------+------------+----------------+
; Analysis & Synthesis ; Adrizcorp-PC     ; Windows 7 ; 6.1        ; x86_64         ;
; Fitter               ; Adrizcorp-PC     ; Windows 7 ; 6.1        ; x86_64         ;
; Assembler            ; Adrizcorp-PC     ; Windows 7 ; 6.1        ; x86_64         ;
+----------------------+------------------+-----------+------------+----------------+


------------
; Flow Log ;
------------
quartus_map --read_settings_files=on --write_settings_files=off deca_graphics -c deca_graphics
quartus_fit --read_settings_files=off --write_settings_files=off deca_graphics -c deca_graphics
quartus_asm --read_settings_files=off --write_settings_files=off deca_graphics -c deca_graphics



